<?xml version="1.0" encoding="UTF-8"?>
<!-- Generated by org.testng.reporters.JUnitXMLReporter -->
<testsuite ignored="0" hostname="LAPTOP-8TP6OQIJ" failures="0" tests="3" name="Test" time="27.13" errors="0" timestamp="2022-06-06T08:12:31 IST">
  <testcase classname="testcases.loginTestCase" name="launchBrowser" time="0.556"/>
  <testcase classname="testcases.loginTestCase" name="launchBrowser" time="0.458"/>
  <testcase classname="testcases.SignupTestCase" name="launchBrowser" time="11.379"/>
</testsuite> <!-- Test -->
