<?xml version="1.0" encoding="UTF-8"?>
<testng-results ignored="0" total="3" passed="3" failed="0" skipped="0">
  <reporter-output>
  </reporter-output>
  <suite started-at="2022-06-06T08:12:04 IST" name="Suite" finished-at="2022-06-06T08:12:31 IST" duration-ms="27130">
    <groups>
    </groups>
    <test started-at="2022-06-06T08:12:04 IST" name="Test" finished-at="2022-06-06T08:12:31 IST" duration-ms="27130">
      <class name="testcases.loginTestCase">
        <test-method is-config="true" signature="launchChromeBrowser()[pri:0, instance:testcases.loginTestCase@3e11f9e9]" started-at="2022-06-06T08:12:04 IST" name="launchChromeBrowser" finished-at="2022-06-06T08:12:08 IST" duration-ms="4070" status="PASS">
          <reporter-output>
          </reporter-output>
        </test-method> <!-- launchChromeBrowser -->
        <test-method signature="launchBrowser(java.lang.String,java.lang.String)[pri:0, instance:testcases.loginTestCase@3e11f9e9]" started-at="2022-06-06T08:12:08 IST" name="launchBrowser" data-provider="testData" finished-at="2022-06-06T08:12:09 IST" duration-ms="556" status="PASS">
          <params>
            <param index="0">
              <value>
                <![CDATA[test1]]>
              </value>
            </param>
            <param index="1">
              <value>
                <![CDATA[secure123]]>
              </value>
            </param>
          </params>
          <reporter-output>
          </reporter-output>
        </test-method> <!-- launchBrowser -->
        <test-method is-config="true" signature="closeBrowser()[pri:0, instance:testcases.loginTestCase@3e11f9e9]" started-at="2022-06-06T08:12:09 IST" name="closeBrowser" finished-at="2022-06-06T08:12:09 IST" duration-ms="83" status="PASS">
          <reporter-output>
          </reporter-output>
        </test-method> <!-- closeBrowser -->
        <test-method is-config="true" signature="launchChromeBrowser()[pri:0, instance:testcases.loginTestCase@3e11f9e9]" started-at="2022-06-06T08:12:09 IST" name="launchChromeBrowser" finished-at="2022-06-06T08:12:12 IST" duration-ms="3313" status="PASS">
          <reporter-output>
          </reporter-output>
        </test-method> <!-- launchChromeBrowser -->
        <test-method signature="launchBrowser(java.lang.String,java.lang.String)[pri:0, instance:testcases.loginTestCase@3e11f9e9]" started-at="2022-06-06T08:12:12 IST" name="launchBrowser" data-provider="testData" finished-at="2022-06-06T08:12:12 IST" duration-ms="458" status="PASS">
          <params>
            <param index="0">
              <value>
                <![CDATA[test2]]>
              </value>
            </param>
            <param index="1">
              <value>
                <![CDATA[test345]]>
              </value>
            </param>
          </params>
          <reporter-output>
          </reporter-output>
        </test-method> <!-- launchBrowser -->
        <test-method is-config="true" signature="closeBrowser()[pri:0, instance:testcases.loginTestCase@3e11f9e9]" started-at="2022-06-06T08:12:12 IST" name="closeBrowser" finished-at="2022-06-06T08:12:17 IST" duration-ms="4171" status="PASS">
          <reporter-output>
          </reporter-output>
        </test-method> <!-- closeBrowser -->
      </class> <!-- testcases.loginTestCase -->
      <class name="testcases.SignupTestCase">
        <test-method is-config="true" signature="launchChromeBrowser()[pri:0, instance:testcases.SignupTestCase@576d5deb]" started-at="2022-06-06T08:12:17 IST" name="launchChromeBrowser" finished-at="2022-06-06T08:12:20 IST" duration-ms="2931" status="PASS">
          <reporter-output>
          </reporter-output>
        </test-method> <!-- launchChromeBrowser -->
        <test-method signature="launchBrowser()[pri:0, instance:testcases.SignupTestCase@576d5deb]" started-at="2022-06-06T08:12:20 IST" name="launchBrowser" finished-at="2022-06-06T08:12:31 IST" duration-ms="11379" status="PASS">
          <reporter-output>
          </reporter-output>
        </test-method> <!-- launchBrowser -->
        <test-method is-config="true" signature="closeBrowser()[pri:0, instance:testcases.SignupTestCase@576d5deb]" started-at="2022-06-06T08:12:31 IST" name="closeBrowser" finished-at="2022-06-06T08:12:31 IST" duration-ms="122" status="PASS">
          <reporter-output>
          </reporter-output>
        </test-method> <!-- closeBrowser -->
      </class> <!-- testcases.SignupTestCase -->
    </test> <!-- Test -->
  </suite> <!-- Suite -->
</testng-results>
